[21:29:09] [ServerMain/INFO]: Environment: authHost='https://authserver.mojang.com', accountsHost='https://api.mojang.com', sessionHost='https://sessionserver.mojang.com', servicesHost='https://api.minecraftservices.com', name='PROD'
[21:29:09] [ServerMain/INFO]: Found new data pack file/bukkit, loading it automatically
[21:29:10] [Worker-Main-1/INFO]: Loaded 7 recipes
[21:29:11] [Server thread/INFO]: Starting minecraft server version 1.18.2
[21:29:11] [Server thread/INFO]: Loading properties
[21:29:11] [Server thread/INFO]: This server is running Paper version git-Paper-388 (MC: 1.18.2) (Implementing API version 1.18.2-R0.1-SNAPSHOT) (Git: fc9ee65 on ver/1.18.2)
[21:29:11] [Server thread/INFO]: Server Ping Player Sample Count: 12
[21:29:11] [Server thread/INFO]: Using 4 threads for Netty based IO
[21:29:11] [Server thread/INFO]: Default game type: SURVIVAL
[21:29:11] [Server thread/INFO]: Generating keypair
[21:29:11] [Server thread/INFO]: Starting Minecraft server on *:25565
[21:29:11] [Server thread/INFO]: Using epoll channel type
[21:29:11] [Server thread/INFO]: Paper: Using libdeflate (Linux x86_64) compression from Velocity.
[21:29:11] [Server thread/INFO]: Paper: Using OpenSSL 1.1.x (Linux x86_64) cipher from Velocity.
[21:29:11] [Server thread/INFO]: Server permissions file permissions.yml is empty, ignoring it
[21:29:11] [Server thread/WARN]: **** SERVER IS RUNNING IN OFFLINE/INSECURE MODE!
[21:29:11] [Server thread/WARN]: The server will make no attempt to authenticate usernames. Beware.
[21:29:11] [Server thread/WARN]: While this makes the game possible to play without internet access, it also opens up the ability for hackers to connect with any username they choose.
[21:29:11] [Server thread/WARN]: To change this, set "online-mode" to "true" in the server.properties file.
[21:29:11] [Server thread/INFO]: Preparing level "world"
[21:29:20] [Server thread/INFO]: Preparing start region for dimension minecraft:overworld
[21:29:20] [Worker-Main-1/INFO]: Preparing spawn area: 0%
[21:29:20] [Server thread/INFO]: Time elapsed: 317 ms
[21:29:20] [Server thread/INFO]: Preparing start region for dimension minecraft:the_end
[21:29:20] [Server thread/INFO]: Time elapsed: 470 ms
[21:29:20] [Server thread/INFO]: Preparing start region for dimension minecraft:the_nether
[21:29:21] [Server thread/INFO]: Time elapsed: 350 ms
[21:29:21] [Server thread/INFO]: Running delayed init tasks
[21:29:21] [Server thread/INFO]: Done (9.778s)! For help, type "help"
[21:29:21] [Server thread/INFO]: Timings Reset
[21:29:27] [User Authenticator #1/INFO]: UUID of player TitoLun is 6d9c7a8d-fb9c-3054-a83c-ad9936ab7f25
[21:29:27] [Server thread/INFO]: TitoLun joined the game
[21:29:27] [Server thread/INFO]: TitoLun[/127.219.137.49:46265] logged in with entity id 26 at ([world]-4.5, 100.0, -7.5)
[21:29:29] [Server thread/INFO]: TitoLun fell from a high place
[21:29:48] [Server thread/INFO]: TitoLun issued server command: /plugins
[21:30:37] [Server thread/INFO]: TitoLun lost connection: Disconnected
[21:30:37] [Server thread/INFO]: TitoLun left the game
[21:36:44] [Server thread/INFO]: Made TitoLun a server operator
[21:37:59] [User Authenticator #2/INFO]: UUID of player TitoLun is 6d9c7a8d-fb9c-3054-a83c-ad9936ab7f25
[21:37:59] [Server thread/INFO]: TitoLun joined the game
[21:37:59] [Server thread/INFO]: TitoLun[/127.219.137.49:44377] logged in with entity id 623 at ([world]-2.5014620558727763, 76.0, 3.679635926461946)
[21:38:05] [Server thread/INFO]: TitoLun issued server command: /gamemode creative
[21:38:05] [Server thread/INFO]: [TitoLun: Set own game mode to Creative Mode]
[21:38:09] [Server thread/INFO]: TitoLun issued server command: /plugins
[21:38:16] [Server thread/INFO]: TitoLun lost connection: Disconnected
[21:38:16] [Server thread/INFO]: TitoLun left the game
[21:38:19] [User Authenticator #2/INFO]: UUID of player TitoLun is 6d9c7a8d-fb9c-3054-a83c-ad9936ab7f25
[21:38:19] [Server thread/INFO]: TitoLun joined the game
[21:38:19] [Server thread/INFO]: TitoLun[/127.219.137.49:50061] logged in with entity id 706 at ([world]-2.5014620558727763, 76.0, 3.679635926461946)
[21:38:30] [Server thread/INFO]: TitoLun issued server command: /advancement
[21:38:32] [Server thread/INFO]: TitoLun lost connection: Disconnected
[21:38:32] [Server thread/INFO]: TitoLun left the game
